# JRE version: OpenJDK Runtime Environment (17.0.9) (build 17.0.9+0--11185874)
# Java VM: OpenJDK 64-Bit Server VM (17.0.9+0--11185874, mixed mode, tiered, compressed oops, compressed class ptrs, g1 gc, windows-amd64)
GC Precious Log:
 CPUs: 8 total, 8 available
 Memory: 7991M
 Large Page Support: Disabled
 NUMA Support: Disabled
 Compressed Oops: Enabled (32-bit)
 Heap Region Size: 1M
 Heap Min Capacity: 8M
 Heap Initial Capacity: 126M
 Heap Max Capacity: 2G
 Pre-touch: Disabled
 Parallel Workers: 8
 Concurrent Workers: 2
 Concurrent Refinement Workers: 8
 Periodic GC: Disabled
Heap:
 garbage-first heap   total 284672K, used 226572K [0x0000000080000000, 0x0000000100000000)
  region size 1024K, 70 young (71680K), 4 survivors (4096K)
 Metaspace       used 139375K, committed 140480K, reserved 1179648K
  class space    used 19264K, committed 19776K, reserved 1048576K
GC Heap History (20 events):
Event: 1632.369 GC heap before
{Heap before GC invocations=59 (full 0):
 garbage-first heap   total 284672K, used 232078K [0x0000000080000000, 0x0000000100000000)
  region size 1024K, 140 young (143360K), 9 survivors (9216K)
 Metaspace       used 101188K, committed 102144K, reserved 1179648K
  class space    used 13794K, committed 14272K, reserved 1048576K
}
Event: 1632.475 GC heap after
{Heap after GC invocations=60 (full 0):
 garbage-first heap   total 284672K, used 93382K [0x0000000080000000, 0x0000000100000000)
  region size 1024K, 4 young (4096K), 4 survivors (4096K)
 Metaspace       used 101188K, committed 102144K, reserved 1179648K
  class space    used 13794K, committed 14272K, reserved 1048576K
}
Event: 4063.940 GC heap before
{Heap before GC invocations=60 (full 0):
 garbage-first heap   total 284672K, used 237766K [0x0000000080000000, 0x0000000100000000)
  region size 1024K, 143 young (146432K), 4 survivors (4096K)
 Metaspace       used 102776K, committed 103680K, reserved 1179648K
  class space    used 13960K, committed 14400K, reserved 1048576K
}
Event: 4064.062 GC heap after
{Heap after GC invocations=61 (full 0):
 garbage-first heap   total 284672K, used 116550K [0x0000000080000000, 0x0000000100000000)
  region size 1024K, 18 young (18432K), 18 survivors (18432K)
 Metaspace       used 102776K, committed 103680K, reserved 1179648K
  class space    used 13960K, committed 14400K, reserved 1048576K
}
Event: 4064.977 GC heap before
{Heap before GC invocations=61 (full 0):
 garbage-first heap   total 284672K, used 195398K [0x0000000080000000, 0x0000000100000000)
  region size 1024K, 79 young (80896K), 18 survivors (18432K)
 Metaspace       used 105592K, committed 106624K, reserved 1179648K
  class space    used 14267K, committed 14784K, reserved 1048576K
}
Event: 4064.996 GC heap after
{Heap after GC invocations=62 (full 0):
 garbage-first heap   total 284672K, used 122385K [0x0000000080000000, 0x0000000100000000)
  region size 1024K, 7 young (7168K), 7 survivors (7168K)
 Metaspace       used 105592K, committed 106624K, reserved 1179648K
  class space    used 14267K, committed 14784K, reserved 1048576K
}
Event: 4068.004 GC heap before
{Heap before GC invocations=62 (full 0):
 garbage-first heap   total 284672K, used 222737K [0x0000000080000000, 0x0000000100000000)
  region size 1024K, 106 young (108544K), 7 survivors (7168K)
 Metaspace       used 108062K, committed 109056K, reserved 1179648K
  class space    used 14564K, committed 15040K, reserved 1048576K
}
Event: 4068.025 GC heap after
{Heap after GC invocations=63 (full 0):
 garbage-first heap   total 284672K, used 129902K [0x0000000080000000, 0x0000000100000000)
  region size 1024K, 14 young (14336K), 14 survivors (14336K)
 Metaspace       used 108062K, committed 109056K, reserved 1179648K
  class space    used 14564K, committed 15040K, reserved 1048576K
}
Event: 4069.336 GC heap before
{Heap before GC invocations=63 (full 0):
 garbage-first heap   total 284672K, used 225134K [0x0000000080000000, 0x0000000100000000)
  region size 1024K, 106 young (108544K), 14 survivors (14336K)
 Metaspace       used 116647K, committed 117632K, reserved 1179648K
  class space    used 15648K, committed 16128K, reserved 1048576K
}
Event: 4069.358 GC heap after
{Heap after GC invocations=64 (full 0):
 garbage-first heap   total 284672K, used 147048K [0x0000000080000000, 0x0000000100000000)
  region size 1024K, 14 young (14336K), 14 survivors (14336K)
 Metaspace       used 116647K, committed 117632K, reserved 1179648K
  class space    used 15648K, committed 16128K, reserved 1048576K
}
Event: 4070.207 GC heap before
{Heap before GC invocations=64 (full 0):
 garbage-first heap   total 284672K, used 224872K [0x0000000080000000, 0x0000000100000000)
  region size 1024K, 89 young (91136K), 14 survivors (14336K)
 Metaspace       used 120146K, committed 121152K, reserved 1179648K
  class space    used 16087K, committed 16576K, reserved 1048576K
}
Event: 4070.217 GC heap after
{Heap after GC invocations=65 (full 0):
 garbage-first heap   total 284672K, used 148530K [0x0000000080000000, 0x0000000100000000)
  region size 1024K, 5 young (5120K), 5 survivors (5120K)
 Metaspace       used 120146K, committed 121152K, reserved 1179648K
  class space    used 16087K, committed 16576K, reserved 1048576K
}
Event: 4070.967 GC heap before
{Heap before GC invocations=65 (full 0):
 garbage-first heap   total 284672K, used 226354K [0x0000000080000000, 0x0000000100000000)
  region size 1024K, 82 young (83968K), 5 survivors (5120K)
 Metaspace       used 127894K, committed 128960K, reserved 1179648K
  class space    used 17437K, committed 17920K, reserved 1048576K
}
Event: 4070.985 GC heap after
{Heap after GC invocations=66 (full 0):
 garbage-first heap   total 284672K, used 157696K [0x0000000080000000, 0x0000000100000000)
  region size 1024K, 11 young (11264K), 11 survivors (11264K)
 Metaspace       used 127894K, committed 128960K, reserved 1179648K
  class space    used 17437K, committed 17920K, reserved 1048576K
}
Event: 4071.619 GC heap before
{Heap before GC invocations=66 (full 0):
 garbage-first heap   total 284672K, used 227328K [0x0000000080000000, 0x0000000100000000)
  region size 1024K, 80 young (81920K), 11 survivors (11264K)
 Metaspace       used 134070K, committed 135104K, reserved 1179648K
  class space    used 18490K, committed 19008K, reserved 1048576K
}
Event: 4071.631 GC heap after
{Heap after GC invocations=67 (full 0):
 garbage-first heap   total 284672K, used 162264K [0x0000000080000000, 0x0000000100000000)
  region size 1024K, 5 young (5120K), 5 survivors (5120K)
 Metaspace       used 134070K, committed 135104K, reserved 1179648K
  class space    used 18490K, committed 19008K, reserved 1048576K
}
Event: 4072.234 GC heap before
{Heap before GC invocations=67 (full 0):
 garbage-first heap   total 284672K, used 231896K [0x0000000080000000, 0x0000000100000000)
  region size 1024K, 73 young (74752K), 5 survivors (5120K)
 Metaspace       used 136515K, committed 137536K, reserved 1179648K
  class space    used 18817K, committed 19328K, reserved 1048576K
}
Event: 4072.238 GC heap after
{Heap after GC invocations=68 (full 0):
 garbage-first heap   total 284672K, used 162634K [0x0000000080000000, 0x0000000100000000)
  region size 1024K, 5 young (5120K), 5 survivors (5120K)
 Metaspace       used 136515K, committed 137536K, reserved 1179648K
  class space    used 18817K, committed 19328K, reserved 1048576K
}
Event: 4535.349 GC heap before
{Heap before GC invocations=68 (full 0):
 garbage-first heap   total 284672K, used 262986K [0x0000000080000000, 0x0000000100000000)
  region size 1024K, 75 young (76800K), 5 survivors (5120K)
 Metaspace       used 139209K, committed 140288K, reserved 1179648K
  class space    used 19263K, committed 19776K, reserved 1048576K
}
Event: 4535.584 GC heap after
{Heap after GC invocations=69 (full 0):
 garbage-first heap   total 284672K, used 161036K [0x0000000080000000, 0x0000000100000000)
  region size 1024K, 4 young (4096K), 4 survivors (4096K)
 Metaspace       used 139209K, committed 140288K, reserved 1179648K
  class space    used 19263K, committed 19776K, reserved 1048576K
}

